2017-04-11 01:30:08,437 - streamparse.stdout - INFO - hello world
2017-04-11 01:30:08,437 - streamparse.stdout - INFO - Database tcount exists already
2017-04-11 01:30:08,455 - streamparse.stdout - INFO - Table tweetwordcount exists
2017-04-11 01:30:08,899 - streamparse.stdout - INFO - update rows 0
2017-04-11 01:30:08,917 - streamparse.stdout - INFO - update rows 0
2017-04-11 01:30:08,921 - streamparse.stdout - INFO - update rows 0
2017-04-11 01:30:08,924 - streamparse.stdout - INFO - update rows 0
2017-04-11 01:30:08,928 - streamparse.stdout - INFO - update rows 0
2017-04-11 01:30:08,931 - streamparse.stdout - INFO - update rows 0
2017-04-11 01:30:08,935 - streamparse.stdout - INFO - update rows 0
2017-04-11 01:30:08,941 - streamparse.stdout - INFO - update rows 0
2017-04-11 01:30:08,948 - streamparse.stdout - INFO - update rows 0
2017-04-11 01:30:08,953 - streamparse.stdout - INFO - update rows 0
2017-04-11 01:30:08,956 - streamparse.stdout - INFO - update rows 0
2017-04-11 01:30:08,961 - streamparse.stdout - INFO - update rows 0
2017-04-11 01:30:08,964 - streamparse.stdout - INFO - update rows 0
2017-04-11 01:30:08,969 - streamparse.stdout - INFO - update rows 0
2017-04-11 01:30:08,973 - streamparse.stdout - INFO - update rows 0
2017-04-11 01:30:08,976 - streamparse.stdout - INFO - update rows 0
2017-04-11 01:30:08,980 - streamparse.stdout - INFO - update rows 0
2017-04-11 01:30:08,986 - streamparse.stdout - INFO - update rows 0
2017-04-11 01:30:08,992 - streamparse.stdout - INFO - update rows 0
2017-04-11 01:30:08,996 - streamparse.stdout - INFO - update rows 0
2017-04-11 01:30:09,000 - streamparse.stdout - INFO - update rows 0
2017-04-11 01:30:09,003 - streamparse.stdout - INFO - update rows 0
2017-04-11 01:30:09,007 - streamparse.stdout - INFO - update rows 0
2017-04-11 01:30:09,013 - streamparse.stdout - INFO - update rows 0
2017-04-11 01:30:09,016 - streamparse.stdout - INFO - update rows 0
2017-04-11 01:30:09,021 - streamparse.stdout - INFO - update rows 0
2017-04-11 01:30:09,027 - streamparse.stdout - INFO - update rows 0
2017-04-11 01:30:09,030 - streamparse.stdout - INFO - update rows 0
2017-04-11 01:30:09,036 - streamparse.stdout - INFO - update rows 0
2017-04-11 01:30:09,041 - streamparse.stdout - INFO - update rows 1
2017-04-11 01:30:09,046 - streamparse.stdout - INFO - update rows 1
2017-04-11 01:30:09,052 - streamparse.stdout - INFO - update rows 0
2017-04-11 01:30:09,055 - streamparse.stdout - INFO - update rows 0
2017-04-11 01:30:09,061 - streamparse.stdout - INFO - update rows 0
2017-04-11 01:30:09,067 - streamparse.stdout - INFO - update rows 0
2017-04-11 01:30:09,073 - streamparse.stdout - INFO - update rows 1
2017-04-11 01:30:09,079 - streamparse.stdout - INFO - update rows 0
2017-04-11 01:30:09,085 - streamparse.stdout - INFO - update rows 0
2017-04-11 01:30:09,090 - streamparse.stdout - INFO - update rows 0
2017-04-11 01:30:09,093 - streamparse.stdout - INFO - update rows 0
2017-04-11 01:30:09,099 - streamparse.stdout - INFO - update rows 0
2017-04-11 01:30:09,105 - streamparse.stdout - INFO - update rows 0
2017-04-11 01:30:09,113 - streamparse.stdout - INFO - update rows 1
2017-04-11 01:30:09,116 - streamparse.stdout - INFO - update rows 1
2017-04-11 01:30:09,120 - streamparse.stdout - INFO - update rows 0
2017-04-11 01:30:09,128 - streamparse.stdout - INFO - update rows 1
2017-04-11 01:30:09,133 - streamparse.stdout - INFO - update rows 1
2017-04-11 01:30:09,138 - streamparse.stdout - INFO - update rows 0
2017-04-11 01:30:09,142 - streamparse.stdout - INFO - update rows 0
2017-04-11 01:30:09,147 - streamparse.stdout - INFO - update rows 0
2017-04-11 01:30:09,151 - streamparse.stdout - INFO - update rows 0
2017-04-11 01:30:09,156 - streamparse.stdout - INFO - update rows 1
2017-04-11 01:30:09,161 - streamparse.stdout - INFO - update rows 1
2017-04-11 01:30:09,164 - streamparse.stdout - INFO - update rows 1
2017-04-11 01:30:09,170 - streamparse.stdout - INFO - update rows 0
2017-04-11 01:30:09,175 - streamparse.stdout - INFO - update rows 0
2017-04-11 01:30:09,180 - streamparse.stdout - INFO - update rows 0
2017-04-11 01:30:09,186 - streamparse.stdout - INFO - update rows 1
2017-04-11 01:30:09,190 - streamparse.stdout - INFO - update rows 0
2017-04-11 01:30:09,195 - streamparse.stdout - INFO - update rows 0
2017-04-11 01:30:09,200 - streamparse.stdout - INFO - update rows 0
2017-04-11 01:30:09,206 - streamparse.stdout - INFO - update rows 0
2017-04-11 01:30:09,215 - streamparse.stdout - INFO - update rows 1
2017-04-11 01:30:09,218 - streamparse.stdout - INFO - update rows 0
2017-04-11 01:30:09,223 - streamparse.stdout - INFO - update rows 1
2017-04-11 01:30:09,227 - streamparse.stdout - INFO - update rows 0
2017-04-11 01:30:09,231 - streamparse.stdout - INFO - update rows 1
2017-04-11 01:30:09,236 - streamparse.stdout - INFO - update rows 0
2017-04-11 01:30:09,238 - streamparse.stdout - INFO - update rows 0
2017-04-11 01:30:09,241 - streamparse.stdout - INFO - update rows 1
2017-04-11 01:30:09,245 - streamparse.stdout - INFO - update rows 1
2017-04-11 01:30:09,247 - streamparse.stdout - INFO - update rows 1
2017-04-11 01:30:09,250 - streamparse.stdout - INFO - update rows 1
2017-04-11 01:30:09,253 - streamparse.stdout - INFO - update rows 0
2017-04-11 01:30:09,257 - streamparse.stdout - INFO - update rows 1
2017-04-11 01:30:09,261 - streamparse.stdout - INFO - update rows 0
2017-04-11 01:30:09,264 - streamparse.stdout - INFO - update rows 0
2017-04-11 01:30:09,267 - streamparse.stdout - INFO - update rows 0
2017-04-11 01:30:09,270 - streamparse.stdout - INFO - update rows 1
2017-04-11 01:30:09,273 - streamparse.stdout - INFO - update rows 1
2017-04-11 01:30:09,276 - streamparse.stdout - INFO - update rows 0
2017-04-11 01:30:09,279 - streamparse.stdout - INFO - update rows 1
2017-04-11 01:30:09,290 - streamparse.stdout - INFO - update rows 1
2017-04-11 01:30:09,293 - streamparse.stdout - INFO - update rows 0
2017-04-11 01:30:09,296 - streamparse.stdout - INFO - update rows 0
2017-04-11 01:30:09,299 - streamparse.stdout - INFO - update rows 0
2017-04-11 01:30:09,302 - streamparse.stdout - INFO - update rows 0
2017-04-11 01:30:09,305 - streamparse.stdout - INFO - update rows 0
2017-04-11 01:30:09,308 - streamparse.stdout - INFO - update rows 1
2017-04-11 01:30:09,311 - streamparse.stdout - INFO - update rows 1
2017-04-11 01:30:09,314 - streamparse.stdout - INFO - update rows 1
2017-04-11 01:30:09,319 - streamparse.stdout - INFO - update rows 0
2017-04-11 01:30:09,322 - streamparse.stdout - INFO - update rows 1
2017-04-11 01:30:09,325 - streamparse.stdout - INFO - update rows 0
2017-04-11 01:30:09,329 - streamparse.stdout - INFO - update rows 0
2017-04-11 01:30:09,332 - streamparse.stdout - INFO - update rows 1
2017-04-11 01:30:09,335 - streamparse.stdout - INFO - update rows 0
2017-04-11 01:30:09,342 - streamparse.stdout - INFO - update rows 1
2017-04-11 01:30:09,345 - streamparse.stdout - INFO - update rows 0
2017-04-11 01:30:09,348 - streamparse.stdout - INFO - update rows 1
2017-04-11 01:30:09,352 - streamparse.stdout - INFO - update rows 0
2017-04-11 01:30:09,355 - streamparse.stdout - INFO - update rows 1
2017-04-11 01:30:09,358 - streamparse.stdout - INFO - update rows 1
2017-04-11 01:30:09,361 - streamparse.stdout - INFO - update rows 0
2017-04-11 01:30:09,366 - streamparse.stdout - INFO - update rows 1
2017-04-11 01:30:09,369 - streamparse.stdout - INFO - update rows 1
2017-04-11 01:30:09,372 - streamparse.stdout - INFO - update rows 0
2017-04-11 01:30:09,375 - streamparse.stdout - INFO - update rows 1
2017-04-11 01:30:09,379 - streamparse.stdout - INFO - update rows 0
2017-04-11 01:30:09,383 - streamparse.stdout - INFO - update rows 1
2017-04-11 01:30:09,386 - streamparse.stdout - INFO - update rows 0
2017-04-11 01:30:09,389 - streamparse.stdout - INFO - update rows 0
2017-04-11 01:30:09,393 - streamparse.stdout - INFO - update rows 0
2017-04-11 01:30:09,396 - streamparse.stdout - INFO - update rows 0
2017-04-11 01:30:09,400 - streamparse.stdout - INFO - update rows 0
2017-04-11 01:30:09,403 - streamparse.stdout - INFO - update rows 1
2017-04-11 01:30:09,406 - streamparse.stdout - INFO - update rows 0
2017-04-11 01:30:09,409 - streamparse.stdout - INFO - update rows 0
2017-04-11 01:30:09,414 - streamparse.stdout - INFO - update rows 1
2017-04-11 01:30:09,418 - streamparse.stdout - INFO - update rows 0
2017-04-11 01:30:09,421 - streamparse.stdout - INFO - update rows 1
2017-04-11 01:30:09,424 - streamparse.stdout - INFO - update rows 0
2017-04-11 01:30:09,481 - streamparse.stdout - INFO - update rows 1
2017-04-11 01:30:09,484 - streamparse.stdout - INFO - update rows 1
2017-04-11 01:30:09,487 - streamparse.stdout - INFO - update rows 1
2017-04-11 01:30:09,491 - streamparse.stdout - INFO - update rows 1
2017-04-11 01:30:09,494 - streamparse.stdout - INFO - update rows 1
2017-04-11 01:30:09,496 - streamparse.stdout - INFO - update rows 1
2017-04-11 01:30:09,498 - streamparse.stdout - INFO - update rows 1
2017-04-11 01:30:09,501 - streamparse.stdout - INFO - update rows 1
2017-04-11 01:30:09,504 - streamparse.stdout - INFO - update rows 1
2017-04-11 01:30:09,506 - streamparse.stdout - INFO - update rows 1
2017-04-11 01:30:09,508 - streamparse.stdout - INFO - update rows 1
2017-04-11 01:30:09,511 - streamparse.stdout - INFO - update rows 1
2017-04-11 01:30:09,513 - streamparse.stdout - INFO - update rows 1
2017-04-11 01:30:09,515 - streamparse.stdout - INFO - update rows 1
2017-04-11 01:30:09,518 - streamparse.stdout - INFO - update rows 1
2017-04-11 01:30:09,522 - streamparse.stdout - INFO - update rows 1
2017-04-11 01:30:09,525 - streamparse.stdout - INFO - update rows 0
2017-04-11 01:30:09,527 - streamparse.stdout - INFO - update rows 1
2017-04-11 01:30:09,530 - streamparse.stdout - INFO - update rows 1
2017-04-11 01:30:09,532 - streamparse.stdout - INFO - update rows 0
2017-04-11 01:30:09,535 - streamparse.stdout - INFO - update rows 1
2017-04-11 01:30:09,537 - streamparse.stdout - INFO - update rows 1
2017-04-11 01:30:09,541 - streamparse.stdout - INFO - update rows 0
2017-04-11 01:30:09,544 - streamparse.stdout - INFO - update rows 0
2017-04-11 01:30:09,552 - streamparse.stdout - INFO - update rows 0
2017-04-11 01:30:09,555 - streamparse.stdout - INFO - update rows 0
2017-04-11 01:30:09,558 - streamparse.stdout - INFO - update rows 0
2017-04-11 01:30:09,560 - streamparse.stdout - INFO - update rows 1
2017-04-11 01:30:09,563 - streamparse.stdout - INFO - update rows 1
2017-04-11 01:30:09,566 - streamparse.stdout - INFO - update rows 0
2017-04-11 01:30:09,569 - streamparse.stdout - INFO - update rows 0
2017-04-11 01:30:09,571 - streamparse.stdout - INFO - update rows 1
2017-04-11 01:30:09,574 - streamparse.stdout - INFO - update rows 0
2017-04-11 01:30:09,576 - streamparse.stdout - INFO - update rows 0
2017-04-11 01:30:09,579 - streamparse.stdout - INFO - update rows 1
2017-04-11 01:30:09,582 - streamparse.stdout - INFO - update rows 1
2017-04-11 01:30:09,584 - streamparse.stdout - INFO - update rows 1
2017-04-11 01:30:09,587 - streamparse.stdout - INFO - update rows 0
2017-04-11 01:30:09,590 - streamparse.stdout - INFO - update rows 0
2017-04-11 01:30:09,593 - streamparse.stdout - INFO - update rows 0
2017-04-11 01:30:09,595 - streamparse.stdout - INFO - update rows 0
2017-04-11 01:30:09,598 - streamparse.stdout - INFO - update rows 0
2017-04-11 01:30:09,600 - streamparse.stdout - INFO - update rows 1
2017-04-11 01:30:09,602 - streamparse.stdout - INFO - update rows 0
2017-04-11 01:30:09,604 - streamparse.stdout - INFO - update rows 0
2017-04-11 01:30:09,606 - streamparse.stdout - INFO - update rows 0
2017-04-11 01:30:09,608 - streamparse.stdout - INFO - update rows 1
2017-04-11 01:30:09,610 - streamparse.stdout - INFO - update rows 1
2017-04-11 01:30:09,612 - streamparse.stdout - INFO - update rows 1
2017-04-11 01:30:09,614 - streamparse.stdout - INFO - update rows 0
2017-04-11 01:30:09,617 - streamparse.stdout - INFO - update rows 1
2017-04-11 01:30:09,619 - streamparse.stdout - INFO - update rows 0
2017-04-11 01:30:09,621 - streamparse.stdout - INFO - update rows 0
2017-04-11 01:30:09,624 - streamparse.stdout - INFO - update rows 0
2017-04-11 01:30:09,627 - streamparse.stdout - INFO - update rows 0
2017-04-11 01:30:09,629 - streamparse.stdout - INFO - update rows 1
2017-04-11 01:30:09,631 - streamparse.stdout - INFO - update rows 0
2017-04-11 01:30:09,633 - streamparse.stdout - INFO - update rows 0
2017-04-11 01:30:09,635 - streamparse.stdout - INFO - update rows 0
2017-04-11 01:30:09,638 - streamparse.stdout - INFO - update rows 0
2017-04-11 01:30:09,640 - streamparse.stdout - INFO - update rows 1
2017-04-11 01:30:09,642 - streamparse.stdout - INFO - update rows 0
2017-04-11 01:30:09,644 - streamparse.stdout - INFO - update rows 0
2017-04-11 01:30:09,646 - streamparse.stdout - INFO - update rows 1
2017-04-11 01:30:09,648 - streamparse.stdout - INFO - update rows 0
2017-04-11 01:30:09,651 - streamparse.stdout - INFO - update rows 1
2017-04-11 01:30:09,657 - streamparse.stdout - INFO - update rows 0
2017-04-11 01:30:09,659 - streamparse.stdout - INFO - update rows 0
2017-04-11 01:30:09,661 - streamparse.stdout - INFO - update rows 1
2017-04-11 01:30:09,663 - streamparse.stdout - INFO - update rows 0
2017-04-11 01:30:09,666 - streamparse.stdout - INFO - update rows 1
2017-04-11 01:30:09,668 - streamparse.stdout - INFO - update rows 0
2017-04-11 01:30:09,670 - streamparse.stdout - INFO - update rows 1
2017-04-11 01:30:09,672 - streamparse.stdout - INFO - update rows 0
2017-04-11 01:30:09,674 - streamparse.stdout - INFO - update rows 0
2017-04-11 01:30:09,676 - streamparse.stdout - INFO - update rows 1
2017-04-11 01:30:09,678 - streamparse.stdout - INFO - update rows 0
2017-04-11 01:30:09,680 - streamparse.stdout - INFO - update rows 1
2017-04-11 01:30:09,682 - streamparse.stdout - INFO - update rows 0
2017-04-11 01:30:09,844 - streamparse.stdout - INFO - update rows 0
2017-04-11 01:30:09,850 - streamparse.stdout - INFO - update rows 1
2017-04-11 01:30:09,853 - streamparse.stdout - INFO - update rows 1
2017-04-11 01:30:09,856 - streamparse.stdout - INFO - update rows 1
2017-04-11 01:30:09,860 - streamparse.stdout - INFO - update rows 1
2017-04-11 01:30:09,868 - streamparse.stdout - INFO - update rows 0
2017-04-11 01:30:09,871 - streamparse.stdout - INFO - update rows 0
2017-04-11 01:30:09,876 - streamparse.stdout - INFO - update rows 1
2017-04-11 01:30:09,880 - streamparse.stdout - INFO - update rows 0
2017-04-11 01:30:09,883 - streamparse.stdout - INFO - update rows 1
2017-04-11 01:30:09,885 - streamparse.stdout - INFO - update rows 1
2017-04-11 01:30:09,888 - streamparse.stdout - INFO - update rows 1
2017-04-11 01:30:09,890 - streamparse.stdout - INFO - update rows 1
2017-04-11 01:30:09,906 - streamparse.stdout - INFO - update rows 1
2017-04-11 01:30:09,912 - streamparse.stdout - INFO - update rows 1
2017-04-11 01:30:09,915 - streamparse.stdout - INFO - update rows 1
2017-04-11 01:30:09,918 - streamparse.stdout - INFO - update rows 1
2017-04-11 01:30:09,920 - streamparse.stdout - INFO - update rows 1
2017-04-11 01:30:09,927 - streamparse.stdout - INFO - update rows 1
2017-04-11 01:30:09,930 - streamparse.stdout - INFO - update rows 1
2017-04-11 01:30:09,936 - streamparse.stdout - INFO - update rows 1
2017-04-11 01:30:09,938 - streamparse.stdout - INFO - update rows 1
2017-04-11 01:30:09,946 - streamparse.stdout - INFO - update rows 1
2017-04-11 01:30:09,950 - streamparse.stdout - INFO - update rows 1
2017-04-11 01:30:09,954 - streamparse.stdout - INFO - update rows 1
2017-04-11 01:30:09,960 - streamparse.stdout - INFO - update rows 1
2017-04-11 01:30:09,963 - streamparse.stdout - INFO - update rows 1
2017-04-11 01:30:09,966 - streamparse.stdout - INFO - update rows 1
2017-04-11 01:30:09,973 - streamparse.stdout - INFO - update rows 1
2017-04-11 01:30:09,976 - streamparse.stdout - INFO - update rows 0
2017-04-11 01:30:09,981 - streamparse.stdout - INFO - update rows 1
2017-04-11 01:30:09,987 - streamparse.stdout - INFO - update rows 1
2017-04-11 01:30:09,991 - streamparse.stdout - INFO - update rows 1
2017-04-11 01:30:09,995 - streamparse.stdout - INFO - update rows 1
2017-04-11 01:30:09,999 - streamparse.stdout - INFO - update rows 1
2017-04-11 01:30:10,005 - streamparse.stdout - INFO - update rows 0
2017-04-11 01:30:10,008 - streamparse.stdout - INFO - update rows 1
2017-04-11 01:30:10,011 - streamparse.stdout - INFO - update rows 1
2017-04-11 01:30:10,018 - streamparse.stdout - INFO - update rows 1
2017-04-11 01:30:10,024 - streamparse.stdout - INFO - update rows 0
2017-04-11 01:30:10,033 - streamparse.stdout - INFO - update rows 1
2017-04-11 01:30:10,037 - streamparse.stdout - INFO - update rows 0
2017-04-11 01:30:10,040 - streamparse.stdout - INFO - update rows 1
2017-04-11 01:30:10,043 - streamparse.stdout - INFO - update rows 0
2017-04-11 01:30:10,046 - streamparse.stdout - INFO - update rows 1
2017-04-11 01:30:10,049 - streamparse.stdout - INFO - update rows 0
2017-04-11 01:30:10,052 - streamparse.stdout - INFO - update rows 1
2017-04-11 01:30:10,055 - streamparse.stdout - INFO - update rows 0
2017-04-11 01:30:10,058 - streamparse.stdout - INFO - update rows 0
2017-04-11 01:30:10,061 - streamparse.stdout - INFO - update rows 1
2017-04-11 01:30:10,065 - streamparse.stdout - INFO - update rows 1
2017-04-11 01:30:10,069 - streamparse.stdout - INFO - update rows 1
2017-04-11 01:30:10,071 - streamparse.stdout - INFO - update rows 1
2017-04-11 01:30:10,078 - streamparse.stdout - INFO - update rows 0
2017-04-11 01:30:10,082 - streamparse.stdout - INFO - update rows 1
2017-04-11 01:30:10,084 - streamparse.stdout - INFO - update rows 1
2017-04-11 01:30:10,086 - streamparse.stdout - INFO - update rows 1
2017-04-11 01:30:10,089 - streamparse.stdout - INFO - update rows 1
2017-04-11 01:30:10,091 - streamparse.stdout - INFO - update rows 1
2017-04-11 01:30:10,094 - streamparse.stdout - INFO - update rows 1
2017-04-11 01:30:10,097 - streamparse.stdout - INFO - update rows 0
2017-04-11 01:30:10,099 - streamparse.stdout - INFO - update rows 1
2017-04-11 01:30:10,103 - streamparse.stdout - INFO - update rows 1
2017-04-11 01:30:10,106 - streamparse.stdout - INFO - update rows 1
2017-04-11 01:30:10,108 - streamparse.stdout - INFO - update rows 1
2017-04-11 01:30:10,111 - streamparse.stdout - INFO - update rows 1
2017-04-11 01:30:10,113 - streamparse.stdout - INFO - update rows 1
2017-04-11 01:30:10,116 - streamparse.stdout - INFO - update rows 1
2017-04-11 01:30:10,118 - streamparse.stdout - INFO - update rows 0
2017-04-11 01:30:10,121 - streamparse.stdout - INFO - update rows 0
2017-04-11 01:30:10,124 - streamparse.stdout - INFO - update rows 1
2017-04-11 01:30:10,127 - streamparse.stdout - INFO - update rows 1
2017-04-11 01:30:10,130 - streamparse.stdout - INFO - update rows 0
2017-04-11 01:30:10,134 - streamparse.stdout - INFO - update rows 1
2017-04-11 01:30:10,138 - streamparse.stdout - INFO - update rows 0
2017-04-11 01:30:10,141 - streamparse.stdout - INFO - update rows 0
2017-04-11 01:30:10,144 - streamparse.stdout - INFO - update rows 1
2017-04-11 01:30:10,147 - streamparse.stdout - INFO - update rows 0
2017-04-11 01:30:10,150 - streamparse.stdout - INFO - update rows 0
2017-04-11 01:30:10,153 - streamparse.stdout - INFO - update rows 0
2017-04-11 01:30:10,156 - streamparse.stdout - INFO - update rows 1
2017-04-11 01:30:10,159 - streamparse.stdout - INFO - update rows 1
2017-04-11 01:30:10,162 - streamparse.stdout - INFO - update rows 1
2017-04-11 01:30:10,168 - streamparse.stdout - INFO - update rows 1
2017-04-11 01:30:10,170 - streamparse.stdout - INFO - update rows 1
2017-04-11 01:30:10,173 - streamparse.stdout - INFO - update rows 1
2017-04-11 01:30:10,175 - streamparse.stdout - INFO - update rows 1
2017-04-11 01:30:10,184 - streamparse.stdout - INFO - update rows 0
2017-04-11 01:30:10,187 - streamparse.stdout - INFO - update rows 0
2017-04-11 01:30:10,190 - streamparse.stdout - INFO - update rows 1
2017-04-11 01:30:10,193 - streamparse.stdout - INFO - update rows 1
2017-04-11 01:30:10,199 - streamparse.stdout - INFO - update rows 0
2017-04-11 01:30:10,203 - streamparse.stdout - INFO - update rows 1
2017-04-11 01:30:10,206 - streamparse.stdout - INFO - update rows 1
2017-04-11 01:30:10,210 - streamparse.stdout - INFO - update rows 0
2017-04-11 01:30:10,224 - streamparse.stdout - INFO - update rows 0
2017-04-11 01:30:10,226 - streamparse.stdout - INFO - update rows 1
2017-04-11 01:30:10,229 - streamparse.stdout - INFO - update rows 0
2017-04-11 01:30:10,232 - streamparse.stdout - INFO - update rows 0
2017-04-11 01:30:10,237 - streamparse.stdout - INFO - update rows 0
2017-04-11 01:30:10,249 - streamparse.stdout - INFO - update rows 0
2017-04-11 01:30:10,252 - streamparse.stdout - INFO - update rows 1
2017-04-11 01:30:10,254 - streamparse.stdout - INFO - update rows 1
2017-04-11 01:30:10,262 - streamparse.stdout - INFO - update rows 0
2017-04-11 01:30:10,264 - streamparse.stdout - INFO - update rows 1
2017-04-11 01:30:10,267 - streamparse.stdout - INFO - update rows 1
2017-04-11 01:30:10,270 - streamparse.stdout - INFO - update rows 0
2017-04-11 01:30:10,273 - streamparse.stdout - INFO - update rows 1
2017-04-11 01:30:10,275 - streamparse.stdout - INFO - update rows 0
2017-04-11 01:30:10,278 - streamparse.stdout - INFO - update rows 1
2017-04-11 01:30:10,280 - streamparse.stdout - INFO - update rows 1
2017-04-11 01:30:10,282 - streamparse.stdout - INFO - update rows 0
2017-04-11 01:30:10,289 - streamparse.stdout - INFO - update rows 1
2017-04-11 01:30:10,291 - streamparse.stdout - INFO - update rows 0
2017-04-11 01:30:10,294 - streamparse.stdout - INFO - update rows 1
2017-04-11 01:30:10,296 - streamparse.stdout - INFO - update rows 0
2017-04-11 01:30:10,299 - streamparse.stdout - INFO - update rows 1
2017-04-11 01:30:10,301 - streamparse.stdout - INFO - update rows 0
2017-04-11 01:30:10,304 - streamparse.stdout - INFO - update rows 1
2017-04-11 01:30:10,306 - streamparse.stdout - INFO - update rows 0
2017-04-11 01:30:10,309 - streamparse.stdout - INFO - update rows 1
2017-04-11 01:30:10,311 - streamparse.stdout - INFO - update rows 0
2017-04-11 01:30:10,313 - streamparse.stdout - INFO - update rows 0
2017-04-11 01:30:10,316 - streamparse.stdout - INFO - update rows 0
2017-04-11 01:30:10,327 - streamparse.stdout - INFO - update rows 0
2017-04-11 01:30:10,332 - streamparse.stdout - INFO - update rows 0
2017-04-11 01:30:10,335 - streamparse.stdout - INFO - update rows 1
2017-04-11 01:30:10,341 - streamparse.stdout - INFO - update rows 1
2017-04-11 01:30:10,344 - streamparse.stdout - INFO - update rows 0
2017-04-11 01:30:10,347 - streamparse.stdout - INFO - update rows 1
2017-04-11 01:30:10,351 - streamparse.stdout - INFO - update rows 1
2017-04-11 01:30:10,359 - streamparse.stdout - INFO - update rows 1
2017-04-11 01:30:10,361 - streamparse.stdout - INFO - update rows 1
2017-04-11 01:30:10,364 - streamparse.stdout - INFO - update rows 0
2017-04-11 01:30:10,367 - streamparse.stdout - INFO - update rows 1
2017-04-11 01:30:10,370 - streamparse.stdout - INFO - update rows 1
2017-04-11 01:30:10,373 - streamparse.stdout - INFO - update rows 1
2017-04-11 01:30:10,376 - streamparse.stdout - INFO - update rows 0
2017-04-11 01:30:10,379 - streamparse.stdout - INFO - update rows 1
2017-04-11 01:30:10,383 - streamparse.stdout - INFO - update rows 0
2017-04-11 01:30:10,386 - streamparse.stdout - INFO - update rows 1
2017-04-11 01:30:10,394 - streamparse.stdout - INFO - update rows 0
2017-04-11 01:30:10,397 - streamparse.stdout - INFO - update rows 1
2017-04-11 01:30:10,399 - streamparse.stdout - INFO - update rows 1
2017-04-11 01:30:10,402 - streamparse.stdout - INFO - update rows 0
2017-04-11 01:30:10,405 - streamparse.stdout - INFO - update rows 1
2017-04-11 01:30:10,408 - streamparse.stdout - INFO - update rows 1
2017-04-11 01:30:10,411 - streamparse.stdout - INFO - update rows 1
2017-04-11 01:30:10,413 - streamparse.stdout - INFO - update rows 1
2017-04-11 01:30:10,416 - streamparse.stdout - INFO - update rows 0
2017-04-11 01:30:10,418 - streamparse.stdout - INFO - update rows 1
2017-04-11 01:30:10,421 - streamparse.stdout - INFO - update rows 1
2017-04-11 01:30:10,424 - streamparse.stdout - INFO - update rows 1
2017-04-11 01:30:10,426 - streamparse.stdout - INFO - update rows 1
2017-04-11 01:30:10,435 - streamparse.stdout - INFO - update rows 0
2017-04-11 01:30:10,438 - streamparse.stdout - INFO - update rows 1
2017-04-11 01:30:10,441 - streamparse.stdout - INFO - update rows 0
2017-04-11 01:30:10,444 - streamparse.stdout - INFO - update rows 1
2017-04-11 01:30:10,449 - streamparse.stdout - INFO - update rows 0
2017-04-11 01:30:10,453 - streamparse.stdout - INFO - update rows 0
2017-04-11 01:30:10,456 - streamparse.stdout - INFO - update rows 1
2017-04-11 01:30:10,459 - streamparse.stdout - INFO - update rows 0
2017-04-11 01:30:10,465 - streamparse.stdout - INFO - update rows 0
2017-04-11 01:30:10,467 - streamparse.stdout - INFO - update rows 1
2017-04-11 01:30:10,470 - streamparse.stdout - INFO - update rows 1
2017-04-11 01:30:10,473 - streamparse.stdout - INFO - update rows 1
2017-04-11 01:30:10,479 - streamparse.stdout - INFO - update rows 0
2017-04-11 01:30:10,481 - streamparse.stdout - INFO - update rows 0
2017-04-11 01:30:10,484 - streamparse.stdout - INFO - update rows 1
2017-04-11 01:30:10,487 - streamparse.stdout - INFO - update rows 0
2017-04-11 01:30:10,494 - streamparse.stdout - INFO - update rows 1
2017-04-11 01:30:10,503 - streamparse.stdout - INFO - update rows 1
2017-04-11 01:30:10,507 - streamparse.stdout - INFO - update rows 1
2017-04-11 01:30:10,514 - streamparse.stdout - INFO - update rows 0
2017-04-11 01:30:10,522 - streamparse.stdout - INFO - update rows 0
2017-04-11 01:30:10,531 - streamparse.stdout - INFO - update rows 1
2017-04-11 01:30:10,537 - streamparse.stdout - INFO - update rows 1
2017-04-11 01:30:10,541 - streamparse.stdout - INFO - update rows 1
2017-04-11 01:30:10,550 - streamparse.stdout - INFO - update rows 1
2017-04-11 01:30:10,557 - streamparse.stdout - INFO - update rows 1
2017-04-11 01:30:10,563 - streamparse.stdout - INFO - update rows 0
2017-04-11 01:30:10,572 - streamparse.stdout - INFO - update rows 0
2017-04-11 01:30:10,579 - streamparse.stdout - INFO - update rows 1
2017-04-11 01:30:10,584 - streamparse.stdout - INFO - update rows 0
2017-04-11 01:30:10,593 - streamparse.stdout - INFO - update rows 1
2017-04-11 01:30:10,600 - streamparse.stdout - INFO - update rows 1
2017-04-11 01:30:10,606 - streamparse.stdout - INFO - update rows 1
2017-04-11 01:30:10,609 - streamparse.stdout - INFO - update rows 0
2017-04-11 01:30:10,612 - streamparse.stdout - INFO - update rows 0
2017-04-11 01:30:10,614 - streamparse.stdout - INFO - update rows 1
2017-04-11 01:30:10,617 - streamparse.stdout - INFO - update rows 1
2017-04-11 01:30:10,619 - streamparse.stdout - INFO - update rows 1
2017-04-11 01:30:10,622 - streamparse.stdout - INFO - update rows 1
2017-04-11 01:30:10,625 - streamparse.stdout - INFO - update rows 0
2017-04-11 01:30:10,628 - streamparse.stdout - INFO - update rows 1
2017-04-11 01:30:10,634 - streamparse.stdout - INFO - update rows 0
2017-04-11 01:30:10,639 - streamparse.stdout - INFO - update rows 1
2017-04-11 01:30:10,644 - streamparse.stdout - INFO - update rows 0
2017-04-11 01:30:10,650 - streamparse.stdout - INFO - update rows 0
2017-04-11 01:30:10,658 - streamparse.stdout - INFO - update rows 0
2017-04-11 01:30:10,661 - streamparse.stdout - INFO - update rows 0
2017-04-11 01:30:10,665 - streamparse.stdout - INFO - update rows 0
2017-04-11 01:30:10,668 - streamparse.stdout - INFO - update rows 1
2017-04-11 01:30:10,671 - streamparse.stdout - INFO - update rows 1
2017-04-11 01:30:10,673 - streamparse.stdout - INFO - update rows 0
2017-04-11 01:30:10,677 - streamparse.stdout - INFO - update rows 1
2017-04-11 01:30:10,680 - streamparse.stdout - INFO - update rows 0
2017-04-11 01:30:10,682 - streamparse.stdout - INFO - update rows 1
2017-04-11 01:30:10,685 - streamparse.stdout - INFO - update rows 1
2017-04-11 01:30:10,688 - streamparse.stdout - INFO - update rows 0
2017-04-11 01:30:10,694 - streamparse.stdout - INFO - update rows 0
2017-04-11 01:30:10,696 - streamparse.stdout - INFO - update rows 1
2017-04-11 01:30:10,698 - streamparse.stdout - INFO - update rows 1
2017-04-11 01:30:10,701 - streamparse.stdout - INFO - update rows 0
2017-04-11 01:30:10,705 - streamparse.stdout - INFO - update rows 1
2017-04-11 01:30:10,710 - streamparse.stdout - INFO - update rows 1
2017-04-11 01:30:10,713 - streamparse.stdout - INFO - update rows 0
2017-04-11 01:30:10,715 - streamparse.stdout - INFO - update rows 0
2017-04-11 01:30:10,719 - streamparse.stdout - INFO - update rows 1
2017-04-11 01:30:10,721 - streamparse.stdout - INFO - update rows 0
2017-04-11 01:30:10,723 - streamparse.stdout - INFO - update rows 1
2017-04-11 01:30:10,726 - streamparse.stdout - INFO - update rows 0
2017-04-11 01:30:10,728 - streamparse.stdout - INFO - update rows 1
2017-04-11 01:30:10,731 - streamparse.stdout - INFO - update rows 1
2017-04-11 01:30:10,734 - streamparse.stdout - INFO - update rows 0
2017-04-11 01:30:10,737 - streamparse.stdout - INFO - update rows 0
2017-04-11 01:30:10,739 - streamparse.stdout - INFO - update rows 1
2017-04-11 01:30:10,742 - streamparse.stdout - INFO - update rows 1
2017-04-11 01:30:10,748 - streamparse.stdout - INFO - update rows 0
2017-04-11 01:30:10,750 - streamparse.stdout - INFO - update rows 0
2017-04-11 01:30:10,754 - streamparse.stdout - INFO - update rows 0
2017-04-11 01:30:10,757 - streamparse.stdout - INFO - update rows 0
2017-04-11 01:30:10,760 - streamparse.stdout - INFO - update rows 1
2017-04-11 01:30:10,762 - streamparse.stdout - INFO - update rows 0
2017-04-11 01:30:10,765 - streamparse.stdout - INFO - update rows 0
2017-04-11 01:30:10,769 - streamparse.stdout - INFO - update rows 1
2017-04-11 01:30:10,772 - streamparse.stdout - INFO - update rows 0
2017-04-11 01:30:10,781 - streamparse.stdout - INFO - update rows 0
2017-04-11 01:30:10,785 - streamparse.stdout - INFO - update rows 0
2017-04-11 01:30:10,791 - streamparse.stdout - INFO - update rows 1
2017-04-11 01:30:10,796 - streamparse.stdout - INFO - update rows 0
2017-04-11 01:30:10,807 - streamparse.stdout - INFO - update rows 1
2017-04-11 01:30:10,820 - streamparse.stdout - INFO - update rows 1
2017-04-11 01:30:10,827 - streamparse.stdout - INFO - update rows 1
2017-04-11 01:30:10,831 - streamparse.stdout - INFO - update rows 1
2017-04-11 01:30:10,837 - streamparse.stdout - INFO - update rows 0
2017-04-11 01:30:10,841 - streamparse.stdout - INFO - update rows 1
2017-04-11 01:30:10,845 - streamparse.stdout - INFO - update rows 0
2017-04-11 01:30:10,859 - streamparse.stdout - INFO - update rows 1
2017-04-11 01:30:10,865 - streamparse.stdout - INFO - update rows 0
2017-04-11 01:30:10,870 - streamparse.stdout - INFO - update rows 1
2017-04-11 01:30:10,873 - streamparse.stdout - INFO - update rows 0
2017-04-11 01:30:10,888 - streamparse.stdout - INFO - update rows 0
2017-04-11 01:30:10,893 - streamparse.stdout - INFO - update rows 1
2017-04-11 01:30:10,904 - streamparse.stdout - INFO - update rows 0
2017-04-11 01:30:10,915 - streamparse.stdout - INFO - update rows 1
2017-04-11 01:30:10,926 - streamparse.stdout - INFO - update rows 1
2017-04-11 01:30:10,934 - streamparse.stdout - INFO - update rows 0
2017-04-11 01:30:10,944 - streamparse.stdout - INFO - update rows 0
2017-04-11 01:30:10,951 - streamparse.stdout - INFO - update rows 0
2017-04-11 01:30:10,962 - streamparse.stdout - INFO - update rows 1
2017-04-11 01:30:10,970 - streamparse.stdout - INFO - update rows 1
2017-04-11 01:30:10,975 - streamparse.stdout - INFO - update rows 0
2017-04-11 01:30:10,983 - streamparse.stdout - INFO - update rows 1
2017-04-11 01:30:10,991 - streamparse.stdout - INFO - update rows 0
2017-04-11 01:30:10,996 - streamparse.stdout - INFO - update rows 1
2017-04-11 01:30:11,010 - streamparse.stdout - INFO - update rows 0
2017-04-11 01:30:11,015 - streamparse.stdout - INFO - update rows 0
2017-04-11 01:30:11,033 - streamparse.stdout - INFO - update rows 1
2017-04-11 01:30:11,044 - streamparse.stdout - INFO - update rows 1
2017-04-11 01:30:11,049 - streamparse.stdout - INFO - update rows 0
2017-04-11 01:30:11,062 - streamparse.stdout - INFO - update rows 1
2017-04-11 01:30:11,069 - streamparse.stdout - INFO - update rows 0
2017-04-11 01:30:11,080 - streamparse.stdout - INFO - update rows 1
2017-04-11 01:30:11,088 - streamparse.stdout - INFO - update rows 0
2017-04-11 01:30:11,094 - streamparse.stdout - INFO - update rows 1
2017-04-11 01:30:11,104 - streamparse.stdout - INFO - update rows 0
2017-04-11 01:30:11,113 - streamparse.stdout - INFO - update rows 1
2017-04-11 01:30:11,123 - streamparse.stdout - INFO - update rows 1
2017-04-11 01:30:11,137 - streamparse.stdout - INFO - update rows 0
2017-04-11 01:30:11,142 - streamparse.stdout - INFO - update rows 0
2017-04-11 01:30:11,149 - streamparse.stdout - INFO - update rows 0
2017-04-11 01:30:11,163 - streamparse.stdout - INFO - update rows 1
2017-04-11 01:30:11,166 - streamparse.stdout - INFO - update rows 1
2017-04-11 01:30:11,180 - streamparse.stdout - INFO - update rows 1
2017-04-11 01:30:11,191 - streamparse.stdout - INFO - update rows 0
2017-04-11 01:30:11,198 - streamparse.stdout - INFO - update rows 0
2017-04-11 01:30:11,213 - streamparse.stdout - INFO - update rows 0
2017-04-11 01:30:11,225 - streamparse.stdout - INFO - update rows 1
2017-04-11 01:30:11,242 - streamparse.stdout - INFO - update rows 0
2017-04-11 01:30:11,251 - streamparse.stdout - INFO - update rows 1
2017-04-11 01:30:11,260 - streamparse.stdout - INFO - update rows 0
2017-04-11 01:30:11,273 - streamparse.stdout - INFO - update rows 1
2017-04-11 01:30:11,283 - streamparse.stdout - INFO - update rows 0
2017-04-11 01:30:11,292 - streamparse.stdout - INFO - update rows 1
2017-04-11 01:30:11,299 - streamparse.stdout - INFO - update rows 0
2017-04-11 01:30:11,308 - streamparse.stdout - INFO - update rows 1
2017-04-11 01:30:11,314 - streamparse.stdout - INFO - update rows 1
2017-04-11 01:30:11,318 - streamparse.stdout - INFO - update rows 0
2017-04-11 01:30:11,321 - streamparse.stdout - INFO - update rows 0
2017-04-11 01:30:11,325 - streamparse.stdout - INFO - update rows 1
2017-04-11 01:30:11,327 - streamparse.stdout - INFO - update rows 1
2017-04-11 01:30:11,331 - streamparse.stdout - INFO - update rows 0
2017-04-11 01:30:11,335 - streamparse.stdout - INFO - update rows 0
2017-04-11 01:30:11,341 - streamparse.stdout - INFO - update rows 1
2017-04-11 01:30:11,344 - streamparse.stdout - INFO - update rows 1
2017-04-11 01:30:11,347 - streamparse.stdout - INFO - update rows 1
2017-04-11 01:30:11,349 - streamparse.stdout - INFO - update rows 1
2017-04-11 01:30:11,352 - streamparse.stdout - INFO - update rows 1
2017-04-11 01:30:11,355 - streamparse.stdout - INFO - update rows 1
2017-04-11 01:30:11,358 - streamparse.stdout - INFO - update rows 1
2017-04-11 01:30:11,362 - streamparse.stdout - INFO - update rows 1
2017-04-11 01:30:11,365 - streamparse.stdout - INFO - update rows 1
2017-04-11 01:30:11,368 - streamparse.stdout - INFO - update rows 1
2017-04-11 01:30:11,370 - streamparse.stdout - INFO - update rows 0
2017-04-11 01:30:11,373 - streamparse.stdout - INFO - update rows 1
2017-04-11 01:30:11,376 - streamparse.stdout - INFO - update rows 1
2017-04-11 01:30:11,379 - streamparse.stdout - INFO - update rows 1
2017-04-11 01:30:11,381 - streamparse.stdout - INFO - update rows 0
2017-04-11 01:30:11,384 - streamparse.stdout - INFO - update rows 0
2017-04-11 01:30:11,387 - streamparse.stdout - INFO - update rows 0
2017-04-11 01:30:11,390 - streamparse.stdout - INFO - update rows 0
2017-04-11 01:30:11,394 - streamparse.stdout - INFO - update rows 1
2017-04-11 01:30:11,396 - streamparse.stdout - INFO - update rows 0
2017-04-11 01:30:11,400 - streamparse.stdout - INFO - update rows 0
2017-04-11 01:30:11,404 - streamparse.stdout - INFO - update rows 1
2017-04-11 01:30:11,407 - streamparse.stdout - INFO - update rows 1
2017-04-11 01:30:11,410 - streamparse.stdout - INFO - update rows 1
2017-04-11 01:30:11,413 - streamparse.stdout - INFO - update rows 1
2017-04-11 01:30:11,416 - streamparse.stdout - INFO - update rows 1
2017-04-11 01:30:11,418 - streamparse.stdout - INFO - update rows 0
2017-04-11 01:30:11,422 - streamparse.stdout - INFO - update rows 1
2017-04-11 01:30:11,424 - streamparse.stdout - INFO - update rows 0
2017-04-11 01:30:11,429 - streamparse.stdout - INFO - update rows 0
2017-04-11 01:30:11,431 - streamparse.stdout - INFO - update rows 1
2017-04-11 01:30:11,434 - streamparse.stdout - INFO - update rows 1
2017-04-11 01:30:11,437 - streamparse.stdout - INFO - update rows 1
2017-04-11 01:30:11,440 - streamparse.stdout - INFO - update rows 1
2017-04-11 01:30:11,446 - streamparse.stdout - INFO - update rows 1
2017-04-11 01:30:11,449 - streamparse.stdout - INFO - update rows 0
2017-04-11 01:30:11,452 - streamparse.stdout - INFO - update rows 1
2017-04-11 01:30:11,455 - streamparse.stdout - INFO - update rows 0
2017-04-11 01:30:11,458 - streamparse.stdout - INFO - update rows 1
2017-04-11 01:30:11,464 - streamparse.stdout - INFO - update rows 0
2017-04-11 01:30:11,466 - streamparse.stdout - INFO - update rows 1
2017-04-11 01:30:11,469 - streamparse.stdout - INFO - update rows 0
2017-04-11 01:30:11,472 - streamparse.stdout - INFO - update rows 1
2017-04-11 01:30:11,474 - streamparse.stdout - INFO - update rows 0
2017-04-11 01:30:11,477 - streamparse.stdout - INFO - update rows 1
2017-04-11 01:30:11,479 - streamparse.stdout - INFO - update rows 1
2017-04-11 01:30:11,486 - streamparse.stdout - INFO - update rows 1
2017-04-11 01:30:11,488 - streamparse.stdout - INFO - update rows 0
2017-04-11 01:30:11,491 - streamparse.stdout - INFO - update rows 1
2017-04-11 01:30:11,494 - streamparse.stdout - INFO - update rows 1
2017-04-11 01:30:11,497 - streamparse.stdout - INFO - update rows 1
2017-04-11 01:30:11,500 - streamparse.stdout - INFO - update rows 1
2017-04-11 01:30:11,504 - streamparse.stdout - INFO - update rows 1
2017-04-11 01:30:11,507 - streamparse.stdout - INFO - update rows 1
2017-04-11 01:30:11,515 - streamparse.stdout - INFO - update rows 1
2017-04-11 01:30:11,519 - streamparse.stdout - INFO - update rows 1
2017-04-11 01:30:11,522 - streamparse.stdout - INFO - update rows 1
2017-04-11 01:30:11,524 - streamparse.stdout - INFO - update rows 1
2017-04-11 01:30:11,527 - streamparse.stdout - INFO - update rows 0
2017-04-11 01:30:11,530 - streamparse.stdout - INFO - update rows 0
2017-04-11 01:30:11,532 - streamparse.stdout - INFO - update rows 0
2017-04-11 01:30:11,539 - streamparse.stdout - INFO - update rows 0
2017-04-11 01:30:11,542 - streamparse.stdout - INFO - update rows 1
2017-04-11 01:30:11,544 - streamparse.stdout - INFO - update rows 1
2017-04-11 01:30:11,552 - streamparse.stdout - INFO - update rows 1
2017-04-11 01:30:11,554 - streamparse.stdout - INFO - update rows 0
2017-04-11 01:30:11,557 - streamparse.stdout - INFO - update rows 1
2017-04-11 01:30:11,560 - streamparse.stdout - INFO - update rows 1
2017-04-11 01:30:11,562 - streamparse.stdout - INFO - update rows 0
2017-04-11 01:30:11,565 - streamparse.stdout - INFO - update rows 1
2017-04-11 01:30:11,573 - streamparse.stdout - INFO - update rows 1
2017-04-11 01:30:11,576 - streamparse.stdout - INFO - update rows 0
2017-04-11 01:30:11,579 - streamparse.stdout - INFO - update rows 1
2017-04-11 01:30:11,582 - streamparse.stdout - INFO - update rows 1
2017-04-11 01:30:11,585 - streamparse.stdout - INFO - update rows 0
2017-04-11 01:30:11,588 - streamparse.stdout - INFO - update rows 1
2017-04-11 01:30:11,590 - streamparse.stdout - INFO - update rows 0
2017-04-11 01:30:11,593 - streamparse.stdout - INFO - update rows 1
2017-04-11 01:30:11,596 - streamparse.stdout - INFO - update rows 1
2017-04-11 01:30:11,601 - streamparse.stdout - INFO - update rows 1
2017-04-11 01:30:11,609 - streamparse.stdout - INFO - update rows 1
2017-04-11 01:30:11,612 - streamparse.stdout - INFO - update rows 0
2017-04-11 01:30:11,617 - streamparse.stdout - INFO - update rows 1
2017-04-11 01:30:11,623 - streamparse.stdout - INFO - update rows 0
2017-04-11 01:30:11,630 - streamparse.stdout - INFO - update rows 0
2017-04-11 01:30:11,634 - streamparse.stdout - INFO - update rows 1
2017-04-11 01:30:11,638 - streamparse.stdout - INFO - update rows 0
2017-04-11 01:30:11,644 - streamparse.stdout - INFO - update rows 1
2017-04-11 01:30:11,648 - streamparse.stdout - INFO - update rows 1
2017-04-11 01:30:11,651 - streamparse.stdout - INFO - update rows 0
2017-04-11 01:30:11,661 - streamparse.stdout - INFO - update rows 1
2017-04-11 01:30:11,666 - streamparse.stdout - INFO - update rows 0
2017-04-11 01:30:11,670 - streamparse.stdout - INFO - update rows 0
2017-04-11 01:30:11,683 - streamparse.stdout - INFO - update rows 1
2017-04-11 01:30:11,686 - streamparse.stdout - INFO - update rows 1
2017-04-11 01:30:11,691 - streamparse.stdout - INFO - update rows 0
2017-04-11 01:30:11,695 - streamparse.stdout - INFO - update rows 1
2017-04-11 01:30:11,707 - streamparse.stdout - INFO - update rows 1
2017-04-11 01:30:11,711 - streamparse.stdout - INFO - update rows 0
2017-04-11 01:30:11,716 - streamparse.stdout - INFO - update rows 0
2017-04-11 01:30:11,720 - streamparse.stdout - INFO - update rows 1
2017-04-11 01:30:11,724 - streamparse.stdout - INFO - update rows 1
2017-04-11 01:30:11,728 - streamparse.stdout - INFO - update rows 1
2017-04-11 01:30:11,731 - streamparse.stdout - INFO - update rows 1
2017-04-11 01:30:11,734 - streamparse.stdout - INFO - update rows 0
2017-04-11 01:30:11,738 - streamparse.stdout - INFO - update rows 1
2017-04-11 01:30:11,744 - streamparse.stdout - INFO - update rows 1
2017-04-11 01:30:11,748 - streamparse.stdout - INFO - update rows 1
2017-04-11 01:30:11,754 - streamparse.stdout - INFO - update rows 0
2017-04-11 01:30:11,766 - streamparse.stdout - INFO - update rows 1
2017-04-11 01:30:11,773 - streamparse.stdout - INFO - update rows 1
2017-04-11 01:30:11,777 - streamparse.stdout - INFO - update rows 1
2017-04-11 01:30:11,780 - streamparse.stdout - INFO - update rows 0
2017-04-11 01:30:11,791 - streamparse.stdout - INFO - update rows 1
2017-04-11 01:30:11,795 - streamparse.stdout - INFO - update rows 0
2017-04-11 01:30:11,799 - streamparse.stdout - INFO - update rows 1
2017-04-11 01:30:11,802 - streamparse.stdout - INFO - update rows 1
2017-04-11 01:30:11,806 - streamparse.stdout - INFO - update rows 1
2017-04-11 01:30:11,811 - streamparse.stdout - INFO - update rows 1
2017-04-11 01:30:11,815 - streamparse.stdout - INFO - update rows 1
2017-04-11 01:30:11,819 - streamparse.stdout - INFO - update rows 1
2017-04-11 01:30:11,823 - streamparse.stdout - INFO - update rows 1
2017-04-11 01:30:11,830 - streamparse.stdout - INFO - update rows 1
2017-04-11 01:30:11,834 - streamparse.stdout - INFO - update rows 1
2017-04-11 01:30:11,837 - streamparse.stdout - INFO - update rows 1
2017-04-11 01:30:11,850 - streamparse.stdout - INFO - update rows 1
2017-04-11 01:30:11,880 - streamparse.stdout - INFO - update rows 1
2017-04-11 01:30:11,884 - streamparse.stdout - INFO - update rows 1
2017-04-11 01:30:11,899 - streamparse.stdout - INFO - update rows 1
2017-04-11 01:30:11,909 - streamparse.stdout - INFO - update rows 0
2017-04-11 01:30:11,920 - streamparse.stdout - INFO - update rows 1
2017-04-11 01:30:11,927 - streamparse.stdout - INFO - update rows 1
2017-04-11 01:30:11,936 - streamparse.stdout - INFO - update rows 0
2017-04-11 01:30:11,947 - streamparse.stdout - INFO - update rows 1
2017-04-11 01:30:11,951 - streamparse.stdout - INFO - update rows 1
2017-04-11 01:30:11,963 - streamparse.stdout - INFO - update rows 1
2017-04-11 01:30:11,969 - streamparse.stdout - INFO - update rows 1
2017-04-11 01:30:11,975 - streamparse.stdout - INFO - update rows 0
2017-04-11 01:30:11,984 - streamparse.stdout - INFO - update rows 1
2017-04-11 01:30:11,994 - streamparse.stdout - INFO - update rows 1
2017-04-11 01:30:12,004 - streamparse.stdout - INFO - update rows 0
2017-04-11 01:30:12,010 - streamparse.stdout - INFO - update rows 1
2017-04-11 01:30:12,018 - streamparse.stdout - INFO - update rows 0
2017-04-11 01:30:12,026 - streamparse.stdout - INFO - update rows 1
2017-04-11 01:30:12,036 - streamparse.stdout - INFO - update rows 1
2017-04-11 01:30:12,044 - streamparse.stdout - INFO - update rows 1
2017-04-11 01:30:12,052 - streamparse.stdout - INFO - update rows 1
2017-04-11 01:30:12,056 - streamparse.stdout - INFO - update rows 0
2017-04-11 01:30:12,071 - streamparse.stdout - INFO - update rows 0
2017-04-11 01:30:12,077 - streamparse.stdout - INFO - update rows 0
2017-04-11 01:30:12,088 - streamparse.stdout - INFO - update rows 1
2017-04-11 01:30:12,099 - streamparse.stdout - INFO - update rows 1
2017-04-11 01:30:12,105 - streamparse.stdout - INFO - update rows 0
2017-04-11 01:30:12,118 - streamparse.stdout - INFO - update rows 0
2017-04-11 01:30:12,132 - streamparse.stdout - INFO - update rows 1
2017-04-11 01:30:12,144 - streamparse.stdout - INFO - update rows 1
2017-04-11 01:30:12,151 - streamparse.stdout - INFO - update rows 1
2017-04-11 01:30:12,159 - streamparse.stdout - INFO - update rows 0
2017-04-11 01:30:12,173 - streamparse.stdout - INFO - update rows 1
2017-04-11 01:30:12,183 - streamparse.stdout - INFO - update rows 1
2017-04-11 01:30:12,191 - streamparse.stdout - INFO - update rows 0
2017-04-11 01:30:12,205 - streamparse.stdout - INFO - update rows 1
2017-04-11 01:30:12,212 - streamparse.stdout - INFO - update rows 1
2017-04-11 01:30:12,219 - streamparse.stdout - INFO - update rows 1
2017-04-11 01:30:12,238 - streamparse.stdout - INFO - update rows 1
2017-04-11 01:30:12,250 - streamparse.stdout - INFO - update rows 0
2017-04-11 01:30:12,299 - streamparse.stdout - INFO - update rows 1
2017-04-11 01:30:12,305 - streamparse.stdout - INFO - update rows 1
2017-04-11 01:30:12,318 - streamparse.stdout - INFO - update rows 0
2017-04-11 01:30:12,323 - streamparse.stdout - INFO - update rows 1
2017-04-11 01:30:12,329 - streamparse.stdout - INFO - update rows 1
2017-04-11 01:30:12,336 - streamparse.stdout - INFO - update rows 1
2017-04-11 01:30:12,342 - streamparse.stdout - INFO - update rows 1
2017-04-11 01:30:12,351 - streamparse.stdout - INFO - update rows 1
2017-04-11 01:30:12,361 - streamparse.stdout - INFO - update rows 1
2017-04-11 01:30:12,372 - streamparse.stdout - INFO - update rows 1
2017-04-11 01:30:12,375 - streamparse.stdout - INFO - update rows 0
2017-04-11 01:30:12,378 - streamparse.stdout - INFO - update rows 1
2017-04-11 01:30:12,381 - streamparse.stdout - INFO - update rows 1
2017-04-11 01:30:12,384 - streamparse.stdout - INFO - update rows 0
2017-04-11 01:30:12,388 - streamparse.stdout - INFO - update rows 0
2017-04-11 01:30:12,395 - streamparse.stdout - INFO - update rows 0
2017-04-11 01:30:12,400 - streamparse.stdout - INFO - update rows 1
2017-04-11 01:30:12,404 - streamparse.stdout - INFO - update rows 1
2017-04-11 01:30:12,409 - streamparse.stdout - INFO - update rows 1
2017-04-11 01:30:12,414 - streamparse.stdout - INFO - update rows 1
2017-04-11 01:30:12,418 - streamparse.stdout - INFO - update rows 0
2017-04-11 01:30:12,423 - streamparse.stdout - INFO - update rows 1
2017-04-11 01:30:12,427 - streamparse.stdout - INFO - update rows 0
2017-04-11 01:30:12,432 - streamparse.stdout - INFO - update rows 1
2017-04-11 01:30:12,436 - streamparse.stdout - INFO - update rows 1
2017-04-11 01:30:12,440 - streamparse.stdout - INFO - update rows 1
2017-04-11 01:30:12,444 - streamparse.stdout - INFO - update rows 1
2017-04-11 01:30:12,449 - streamparse.stdout - INFO - update rows 0
2017-04-11 01:30:12,455 - streamparse.stdout - INFO - update rows 1
2017-04-11 01:30:12,460 - streamparse.stdout - INFO - update rows 1
2017-04-11 01:30:12,464 - streamparse.stdout - INFO - update rows 0
2017-04-11 01:30:12,469 - streamparse.stdout - INFO - update rows 1
2017-04-11 01:30:12,474 - streamparse.stdout - INFO - update rows 1
2017-04-11 01:30:12,477 - streamparse.stdout - INFO - update rows 1
2017-04-11 01:30:12,481 - streamparse.stdout - INFO - update rows 1
2017-04-11 01:30:12,486 - streamparse.stdout - INFO - update rows 1
2017-04-11 01:30:12,491 - streamparse.stdout - INFO - update rows 1
2017-04-11 01:30:12,500 - streamparse.stdout - INFO - update rows 1
2017-04-11 01:30:12,504 - streamparse.stdout - INFO - update rows 1
2017-04-11 01:30:12,508 - streamparse.stdout - INFO - update rows 0
2017-04-11 01:30:12,514 - streamparse.stdout - INFO - update rows 1
2017-04-11 01:30:12,518 - streamparse.stdout - INFO - update rows 0
2017-04-11 01:30:12,521 - streamparse.stdout - INFO - update rows 0
2017-04-11 01:30:12,525 - streamparse.stdout - INFO - update rows 0
2017-04-11 01:30:12,530 - streamparse.stdout - INFO - update rows 1
2017-04-11 01:30:12,534 - streamparse.stdout - INFO - update rows 0
2017-04-11 01:30:12,538 - streamparse.stdout - INFO - update rows 1
2017-04-11 01:30:12,542 - streamparse.stdout - INFO - update rows 0
2017-04-11 01:30:12,546 - streamparse.stdout - INFO - update rows 0
2017-04-11 01:30:12,550 - streamparse.stdout - INFO - update rows 0
2017-04-11 01:30:12,555 - streamparse.stdout - INFO - update rows 1
2017-04-11 01:30:12,559 - streamparse.stdout - INFO - update rows 0
2017-04-11 01:30:12,564 - streamparse.stdout - INFO - update rows 0
2017-04-11 01:30:12,568 - streamparse.stdout - INFO - update rows 0
2017-04-11 01:30:12,572 - streamparse.stdout - INFO - update rows 1
2017-04-11 01:30:12,576 - streamparse.stdout - INFO - update rows 1
2017-04-11 01:30:12,580 - streamparse.stdout - INFO - update rows 1
2017-04-11 01:30:12,585 - streamparse.stdout - INFO - update rows 1
2017-04-11 01:30:12,590 - streamparse.stdout - INFO - update rows 0
2017-04-11 01:30:12,594 - streamparse.stdout - INFO - update rows 0
2017-04-11 01:30:12,603 - streamparse.stdout - INFO - update rows 1
2017-04-11 01:30:12,606 - streamparse.stdout - INFO - update rows 1
2017-04-11 01:30:12,614 - streamparse.stdout - INFO - update rows 0
2017-04-11 01:30:12,618 - streamparse.stdout - INFO - update rows 0
2017-04-11 01:30:12,622 - streamparse.stdout - INFO - update rows 1
2017-04-11 01:30:12,625 - streamparse.stdout - INFO - update rows 0
2017-04-11 01:30:12,630 - streamparse.stdout - INFO - update rows 0
2017-04-11 01:30:12,634 - streamparse.stdout - INFO - update rows 1
2017-04-11 01:30:12,637 - streamparse.stdout - INFO - update rows 0
2017-04-11 01:30:12,642 - streamparse.stdout - INFO - update rows 1
2017-04-11 01:30:12,645 - streamparse.stdout - INFO - update rows 1
